<?xml version="1.0" encoding="UTF-8"?>
<testng-results ignored="0" total="4" passed="4" failed="0" skipped="0">
  <reporter-output>
  </reporter-output>
  <suite started-at="2023-07-10T21:49:44 IST" name="OpencartSuite" finished-at="2023-07-10T21:51:23 IST" duration-ms="98520">
    <groups>
    </groups>
    <test started-at="2023-07-10T21:49:44 IST" name="OpencartTest" finished-at="2023-07-10T21:51:23 IST" duration-ms="98520">
      <class name="testCases.TC_003_LoginDDT">
        <test-method is-config="true" signature="setup(java.lang.String)[pri:0, instance:testCases.TC_003_LoginDDT@217ed35e]" started-at="2023-07-10T21:49:45 IST" name="setup" finished-at="2023-07-10T21:49:48 IST" duration-ms="3256" status="PASS">
          <params>
            <param index="0">
              <value>
                <![CDATA[chrome]]>
              </value>
            </param>
          </params>
          <reporter-output>
          </reporter-output>
        </test-method> <!-- setup -->
        <test-method signature="test_LoginDDT(java.lang.String,java.lang.String,java.lang.String)[pri:0, instance:testCases.TC_003_LoginDDT@217ed35e]" started-at="2023-07-10T21:49:49 IST" name="test_LoginDDT" data-provider="LoginData" finished-at="2023-07-10T21:49:50 IST" duration-ms="1273" status="PASS">
          <params>
            <param index="0">
              <value>
                <![CDATA[shakthi@pqube.in]]>
              </value>
            </param>
            <param index="1">
              <value>
                <![CDATA[Shakthi03$]]>
              </value>
            </param>
            <param index="2">
              <value>
                <![CDATA[Valid]]>
              </value>
            </param>
          </params>
          <reporter-output>
          </reporter-output>
        </test-method> <!-- test_LoginDDT -->
        <test-method signature="test_LoginDDT(java.lang.String,java.lang.String,java.lang.String)[pri:0, instance:testCases.TC_003_LoginDDT@217ed35e]" started-at="2023-07-10T21:49:50 IST" name="test_LoginDDT" data-provider="LoginData" finished-at="2023-07-10T21:50:21 IST" duration-ms="30748" status="PASS">
          <params>
            <param index="0">
              <value>
                <![CDATA[test@gmail.com]]>
              </value>
            </param>
            <param index="1">
              <value>
                <![CDATA[Test@#]]>
              </value>
            </param>
            <param index="2">
              <value>
                <![CDATA[Invalid]]>
              </value>
            </param>
          </params>
          <reporter-output>
          </reporter-output>
        </test-method> <!-- test_LoginDDT -->
        <test-method signature="test_LoginDDT(java.lang.String,java.lang.String,java.lang.String)[pri:0, instance:testCases.TC_003_LoginDDT@217ed35e]" started-at="2023-07-10T21:50:21 IST" name="test_LoginDDT" data-provider="LoginData" finished-at="2023-07-10T21:50:52 IST" duration-ms="30765" status="PASS">
          <params>
            <param index="0">
              <value>
                <![CDATA[Test123@gmail.com]]>
              </value>
            </param>
            <param index="1">
              <value>
                <![CDATA[Test12#]]>
              </value>
            </param>
            <param index="2">
              <value>
                <![CDATA[Invalid]]>
              </value>
            </param>
          </params>
          <reporter-output>
          </reporter-output>
        </test-method> <!-- test_LoginDDT -->
        <test-method signature="test_LoginDDT(java.lang.String,java.lang.String,java.lang.String)[pri:0, instance:testCases.TC_003_LoginDDT@217ed35e]" started-at="2023-07-10T21:50:52 IST" name="test_LoginDDT" data-provider="LoginData" finished-at="2023-07-10T21:51:23 IST" duration-ms="30793" status="PASS">
          <params>
            <param index="0">
              <value>
                <![CDATA[shakthi0318@gmail.com]]>
              </value>
            </param>
            <param index="1">
              <value>
                <![CDATA[Shakthi03$$]]>
              </value>
            </param>
            <param index="2">
              <value>
                <![CDATA[Valid]]>
              </value>
            </param>
          </params>
          <reporter-output>
          </reporter-output>
        </test-method> <!-- test_LoginDDT -->
        <test-method is-config="true" signature="tearDown()[pri:0, instance:testCases.TC_003_LoginDDT@217ed35e]" started-at="2023-07-10T21:51:23 IST" name="tearDown" finished-at="2023-07-10T21:51:23 IST" duration-ms="257" status="PASS">
          <reporter-output>
          </reporter-output>
        </test-method> <!-- tearDown -->
      </class> <!-- testCases.TC_003_LoginDDT -->
    </test> <!-- OpencartTest -->
  </suite> <!-- OpencartSuite -->
</testng-results>
