<?xml version="1.0" encoding="UTF-8"?>
<!-- Generated by org.testng.reporters.JUnitXMLReporter -->
<testsuite ignored="0" hostname="BLR-L-PF2NJCC1" failures="0" tests="4" name="OpencartTest" time="98.52" errors="0" timestamp="2023-07-10T21:51:23 IST">
  <testcase classname="testCases.TC_003_LoginDDT" name="test_LoginDDT" time="1.273"/>
  <testcase classname="testCases.TC_003_LoginDDT" name="test_LoginDDT" time="30.748"/>
  <testcase classname="testCases.TC_003_LoginDDT" name="test_LoginDDT" time="30.765"/>
  <testcase classname="testCases.TC_003_LoginDDT" name="test_LoginDDT" time="30.793"/>
</testsuite> <!-- OpencartTest -->
